

Started GET "/" for 127.0.0.1 at 2023-12-27 07:19:58 -0500


Started GET "/movies" for 127.0.0.1 at 2023-12-27 07:19:58 -0500
Processing by MoviesController#index as HTML
  [1m[36mMovie Load (0.9ms)[0m  [1mSELECT "movies".* FROM "movies"[0m
  Rendered movies/index.html.erb within layouts/application (6.7ms)
Completed 500 Internal Server Error in 40ms (ActiveRecord: 0.9ms)

ActionView::Template::Error (SQLite3::SQLException: no such table: movies: SELECT "movies".* FROM "movies"):
    13:     </tr>
    14:   </thead>
    15:   <tbody>
    16:     <% @movies.each do |movie| %>
    17:       <tr>
    18:         <td>
    19:           <%= movie.title %>
  app/views/movies/index.html.erb:16:in `_app_views_movies_index_html_erb__1569763491716625253_47099637988420'


  Rendered .bundle/gems/actionpack-4.2.10/lib/action_dispatch/middleware/templates/rescues/_source.erb (6.5ms)
  Rendered .bundle/gems/actionpack-4.2.10/lib/action_dispatch/middleware/templates/rescues/_trace.html.erb (2.5ms)
  Rendered .bundle/gems/actionpack-4.2.10/lib/action_dispatch/middleware/templates/rescues/_request_and_response.html.erb (8.2ms)
  Rendered .bundle/gems/actionpack-4.2.10/lib/action_dispatch/middleware/templates/rescues/template_error.html.erb within rescues/layout (27.7ms)
  [1m[36m (12.3ms)[0m  [1mCREATE TABLE "schema_migrations" ("version" varchar NOT NULL) [0m
  [1m[35m (0.1ms)[0m  select sqlite_version(*)
  [1m[36m (12.9ms)[0m  [1mCREATE UNIQUE INDEX "unique_schema_migrations" ON "schema_migrations" ("version")[0m
  [1m[35mActiveRecord::SchemaMigration Load (0.1ms)[0m  SELECT "schema_migrations".* FROM "schema_migrations"
Migrating to CreateMovies (20111119180638)
  [1m[36m (0.1ms)[0m  [1mbegin transaction[0m
DEPRECATION WARNING: `#timestamps` was called without specifying an option for `null`. In Rails 5, this behavior will change to `null: false`. You should manually specify `null: true` to prevent the behavior of your existing migrations from changing. (called from block in up at /home/miguelubuntu/Escritorio/EX_SUSTITORIO_CC3S2/ExamenSustitutorio-CC3S2/Actividad-ES/db/migrate/20111119180638_create_movies.rb:10)
  [1m[35m (0.3ms)[0m  CREATE TABLE "movies" ("id" INTEGER PRIMARY KEY AUTOINCREMENT NOT NULL, "title" varchar, "rating" varchar, "description" text, "release_date" datetime, "created_at" datetime, "updated_at" datetime) 
  [1m[36mSQL (0.1ms)[0m  [1mINSERT INTO "schema_migrations" ("version") VALUES (?)[0m  [["version", "20111119180638"]]
  [1m[35m (11.7ms)[0m  commit transaction
  [1m[36mActiveRecord::SchemaMigration Load (0.1ms)[0m  [1mSELECT "schema_migrations".* FROM "schema_migrations"[0m


Started GET "/" for 127.0.0.1 at 2023-12-27 07:22:26 -0500


Started GET "/movies" for 127.0.0.1 at 2023-12-27 07:22:26 -0500
Processing by MoviesController#index as HTML
  [1m[36mMovie Load (1.0ms)[0m  [1mSELECT "movies".* FROM "movies"[0m
  Rendered movies/index.html.erb within layouts/application (9.2ms)
  Rendered layouts/_flash.erb (0.6ms)
Completed 200 OK in 425ms (Views: 400.4ms | ActiveRecord: 1.3ms)


Started GET "/assets/jquery.self-660adc51e0224b731d29f575a6f1ec167ba08ad06ed5deca4f1e8654c135bf4c.js?body=1" for 127.0.0.1 at 2023-12-27 07:22:26 -0500


Started GET "/assets/jquery_ujs.self-e87806d0cf4489aeb1bb7288016024e8de67fd18db693fe026fe3907581e53cd.js?body=1" for 127.0.0.1 at 2023-12-27 07:22:26 -0500
  [1m[36mActiveRecord::SchemaMigration Load (0.0ms)[0m  [1mSELECT "schema_migrations".* FROM "schema_migrations"[0m
  [1m[35m (0.0ms)[0m  begin transaction
  [1m[36mSQL (0.4ms)[0m  [1mINSERT INTO "movies" ("title", "rating", "release_date", "created_at", "updated_at") VALUES (?, ?, ?, ?, ?)[0m  [["title", "Aladdin"], ["rating", "G"], ["release_date", "1992-11-25 00:00:00.000000"], ["created_at", "2023-12-27 12:22:59.857000"], ["updated_at", "2023-12-27 12:22:59.857000"]]
  [1m[35m (7.1ms)[0m  commit transaction
  [1m[36m (0.1ms)[0m  [1mbegin transaction[0m
  [1m[35mSQL (0.1ms)[0m  INSERT INTO "movies" ("title", "rating", "release_date", "created_at", "updated_at") VALUES (?, ?, ?, ?, ?)  [["title", "The Terminator"], ["rating", "R"], ["release_date", "1984-10-26 00:00:00.000000"], ["created_at", "2023-12-27 12:22:59.867859"], ["updated_at", "2023-12-27 12:22:59.867859"]]
  [1m[36m (7.1ms)[0m  [1mcommit transaction[0m
  [1m[35m (0.1ms)[0m  begin transaction
  [1m[36mSQL (0.2ms)[0m  [1mINSERT INTO "movies" ("title", "rating", "release_date", "created_at", "updated_at") VALUES (?, ?, ?, ?, ?)[0m  [["title", "When Harry Met Sally"], ["rating", "R"], ["release_date", "1989-07-21 00:00:00.000000"], ["created_at", "2023-12-27 12:22:59.876714"], ["updated_at", "2023-12-27 12:22:59.876714"]]
  [1m[35m (7.0ms)[0m  commit transaction
  [1m[36m (0.0ms)[0m  [1mbegin transaction[0m
  [1m[35mSQL (0.2ms)[0m  INSERT INTO "movies" ("title", "rating", "release_date", "created_at", "updated_at") VALUES (?, ?, ?, ?, ?)  [["title", "The Help"], ["rating", "PG-13"], ["release_date", "2011-08-10 00:00:00.000000"], ["created_at", "2023-12-27 12:22:59.885164"], ["updated_at", "2023-12-27 12:22:59.885164"]]
  [1m[36m (7.2ms)[0m  [1mcommit transaction[0m
  [1m[35m (0.1ms)[0m  begin transaction
  [1m[36mSQL (0.2ms)[0m  [1mINSERT INTO "movies" ("title", "rating", "release_date", "created_at", "updated_at") VALUES (?, ?, ?, ?, ?)[0m  [["title", "Chocolat"], ["rating", "PG-13"], ["release_date", "2001-01-05 00:00:00.000000"], ["created_at", "2023-12-27 12:22:59.893878"], ["updated_at", "2023-12-27 12:22:59.893878"]]
  [1m[35m (6.9ms)[0m  commit transaction
  [1m[36m (0.1ms)[0m  [1mbegin transaction[0m
  [1m[35mSQL (0.2ms)[0m  INSERT INTO "movies" ("title", "rating", "release_date", "created_at", "updated_at") VALUES (?, ?, ?, ?, ?)  [["title", "Amelie"], ["rating", "R"], ["release_date", "2001-04-25 00:00:00.000000"], ["created_at", "2023-12-27 12:22:59.902709"], ["updated_at", "2023-12-27 12:22:59.902709"]]
  [1m[36m (6.8ms)[0m  [1mcommit transaction[0m
  [1m[35m (0.1ms)[0m  begin transaction
  [1m[36mSQL (0.2ms)[0m  [1mINSERT INTO "movies" ("title", "rating", "release_date", "created_at", "updated_at") VALUES (?, ?, ?, ?, ?)[0m  [["title", "2001: A Space Odyssey"], ["rating", "G"], ["release_date", "1968-04-06 00:00:00.000000"], ["created_at", "2023-12-27 12:22:59.911678"], ["updated_at", "2023-12-27 12:22:59.911678"]]
  [1m[35m (7.8ms)[0m  commit transaction
  [1m[36m (0.1ms)[0m  [1mbegin transaction[0m
  [1m[35mSQL (0.2ms)[0m  INSERT INTO "movies" ("title", "rating", "release_date", "created_at", "updated_at") VALUES (?, ?, ?, ?, ?)  [["title", "The Incredibles"], ["rating", "PG"], ["release_date", "2004-11-05 00:00:00.000000"], ["created_at", "2023-12-27 12:22:59.921540"], ["updated_at", "2023-12-27 12:22:59.921540"]]
  [1m[36m (6.7ms)[0m  [1mcommit transaction[0m
  [1m[35m (0.1ms)[0m  begin transaction
  [1m[36mSQL (0.2ms)[0m  [1mINSERT INTO "movies" ("title", "rating", "release_date", "created_at", "updated_at") VALUES (?, ?, ?, ?, ?)[0m  [["title", "Raiders of the Lost Ark"], ["rating", "PG"], ["release_date", "1981-06-12 00:00:00.000000"], ["created_at", "2023-12-27 12:22:59.930198"], ["updated_at", "2023-12-27 12:22:59.930198"]]
  [1m[35m (6.7ms)[0m  commit transaction
  [1m[36m (0.0ms)[0m  [1mbegin transaction[0m
  [1m[35mSQL (0.1ms)[0m  INSERT INTO "movies" ("title", "rating", "release_date", "created_at", "updated_at") VALUES (?, ?, ?, ?, ?)  [["title", "Chicken Run"], ["rating", "G"], ["release_date", "2000-06-21 00:00:00.000000"], ["created_at", "2023-12-27 12:22:59.938397"], ["updated_at", "2023-12-27 12:22:59.938397"]]
  [1m[36m (7.0ms)[0m  [1mcommit transaction[0m


Started GET "/" for 127.0.0.1 at 2023-12-27 07:24:48 -0500


Started GET "/movies" for 127.0.0.1 at 2023-12-27 07:24:48 -0500
Processing by MoviesController#index as HTML
  [1m[36mMovie Load (1.5ms)[0m  [1mSELECT "movies".* FROM "movies"[0m
  Rendered movies/index.html.erb within layouts/application (15.1ms)
  Rendered layouts/_flash.erb (0.5ms)
Completed 200 OK in 251ms (Views: 226.0ms | ActiveRecord: 1.8ms)
  [1m[36m (10.9ms)[0m  [1mCREATE TABLE "movies" ("id" INTEGER PRIMARY KEY AUTOINCREMENT NOT NULL, "title" varchar, "rating" varchar, "description" text, "release_date" datetime, "created_at" datetime, "updated_at" datetime) [0m
  [1m[35m (10.7ms)[0m  CREATE TABLE "schema_migrations" ("version" varchar NOT NULL) 
  [1m[36m (0.1ms)[0m  [1mselect sqlite_version(*)[0m
  [1m[35m (10.4ms)[0m  CREATE UNIQUE INDEX "unique_schema_migrations" ON "schema_migrations" ("version")
  [1m[36m (0.1ms)[0m  [1mSELECT version FROM "schema_migrations"[0m
  [1m[35m (7.2ms)[0m  INSERT INTO "schema_migrations" (version) VALUES ('20111119180638')
  [1m[36mActiveRecord::SchemaMigration Load (0.1ms)[0m  [1mSELECT "schema_migrations".* FROM "schema_migrations"[0m
  [1m[35mActiveRecord::SchemaMigration Load (0.1ms)[0m  SELECT "schema_migrations".* FROM "schema_migrations"
  [1m[36mActiveRecord::SchemaMigration Load (0.0ms)[0m  [1mSELECT "schema_migrations".* FROM "schema_migrations"[0m
  [1m[35mActiveRecord::SchemaMigration Load (0.1ms)[0m  SELECT "schema_migrations".* FROM "schema_migrations"
  [1m[36mActiveRecord::SchemaMigration Load (0.1ms)[0m  [1mSELECT "schema_migrations".* FROM "schema_migrations"[0m
Migrating to AddDirectorToMovies (20231227142235)
  [1m[35m (0.1ms)[0m  begin transaction
  [1m[36m (0.3ms)[0m  [1mALTER TABLE "movies" ADD "director" varchar[0m
  [1m[35mSQL (0.1ms)[0m  INSERT INTO "schema_migrations" ("version") VALUES (?)  [["version", "20231227142235"]]
  [1m[36m (7.2ms)[0m  [1mcommit transaction[0m
  [1m[35mActiveRecord::SchemaMigration Load (0.1ms)[0m  SELECT "schema_migrations".* FROM "schema_migrations"
  [1m[36m (11.9ms)[0m  [1mCREATE TABLE "movies" ("id" INTEGER PRIMARY KEY AUTOINCREMENT NOT NULL, "title" varchar, "rating" varchar, "description" text, "release_date" datetime, "created_at" datetime, "updated_at" datetime, "director" varchar) [0m
  [1m[35m (11.7ms)[0m  CREATE TABLE "schema_migrations" ("version" varchar NOT NULL) 
  [1m[36m (0.1ms)[0m  [1mselect sqlite_version(*)[0m
  [1m[35m (11.9ms)[0m  CREATE UNIQUE INDEX "unique_schema_migrations" ON "schema_migrations" ("version")
  [1m[36m (0.2ms)[0m  [1mSELECT version FROM "schema_migrations"[0m
  [1m[35m (7.9ms)[0m  INSERT INTO "schema_migrations" (version) VALUES ('20231227142235')
  [1m[36m (7.6ms)[0m  [1mINSERT INTO "schema_migrations" (version) VALUES ('20111119180638')[0m


Started GET "/" for 127.0.0.1 at 2023-12-27 09:48:38 -0500


Started GET "/movies" for 127.0.0.1 at 2023-12-27 09:48:38 -0500
Processing by MoviesController#index as HTML
  [1m[36mMovie Load (1.1ms)[0m  [1mSELECT "movies".* FROM "movies"[0m
  Rendered movies/index.html.erb within layouts/application (14.2ms)
  Rendered layouts/_flash.erb (0.4ms)
Completed 200 OK in 269ms (Views: 245.6ms | ActiveRecord: 1.4ms)


Started GET "/movies/1" for 127.0.0.1 at 2023-12-27 09:48:42 -0500
Processing by MoviesController#show as HTML
  Parameters: {"id"=>"1"}
  [1m[35mMovie Load (0.2ms)[0m  SELECT  "movies".* FROM "movies" WHERE "movies"."id" = ? LIMIT 1  [["id", 1]]
  Rendered movies/show.html.erb within layouts/application (1.1ms)
  Rendered layouts/_flash.erb (0.1ms)
Completed 200 OK in 16ms (Views: 11.8ms | ActiveRecord: 0.2ms)


Started GET "/movies/1/edit" for 127.0.0.1 at 2023-12-27 09:48:46 -0500
Processing by MoviesController#edit as HTML
  Parameters: {"id"=>"1"}
  [1m[36mMovie Load (0.1ms)[0m  [1mSELECT  "movies".* FROM "movies" WHERE "movies"."id" = ? LIMIT 1[0m  [["id", 1]]
  Rendered movies/edit.html.erb within layouts/application (16.0ms)
  Rendered layouts/_flash.erb (0.1ms)
Completed 200 OK in 48ms (Views: 47.5ms | ActiveRecord: 0.1ms)


Started GET "/movies" for 127.0.0.1 at 2023-12-27 09:48:57 -0500
Processing by MoviesController#index as HTML
  [1m[35mMovie Load (0.2ms)[0m  SELECT "movies".* FROM "movies"
  Rendered movies/index.html.erb within layouts/application (1.6ms)
  Rendered layouts/_flash.erb (0.1ms)
Completed 200 OK in 11ms (Views: 10.8ms | ActiveRecord: 0.2ms)


Started GET "/movies/new" for 127.0.0.1 at 2023-12-27 09:48:58 -0500
Processing by MoviesController#new as HTML
  Rendered movies/new.html.erb within layouts/application (2.0ms)
  Rendered layouts/_flash.erb (0.1ms)
Completed 200 OK in 12ms (Views: 12.0ms | ActiveRecord: 0.0ms)


Started GET "/movies" for 127.0.0.1 at 2023-12-27 09:49:01 -0500
Processing by MoviesController#index as HTML
  [1m[36mMovie Load (0.2ms)[0m  [1mSELECT "movies".* FROM "movies"[0m
  Rendered movies/index.html.erb within layouts/application (3.2ms)
  Rendered layouts/_flash.erb (0.1ms)
Completed 200 OK in 14ms (Views: 13.3ms | ActiveRecord: 0.2ms)


Started GET "/" for 127.0.0.1 at 2023-12-27 09:50:22 -0500


Started GET "/movies" for 127.0.0.1 at 2023-12-27 09:50:22 -0500
Processing by MoviesController#index as HTML
  [1m[36mMovie Load (2.0ms)[0m  [1mSELECT "movies".* FROM "movies"[0m
  Rendered movies/index.html.erb within layouts/application (13.2ms)
  Rendered layouts/_flash.erb (0.4ms)
Completed 200 OK in 281ms (Views: 254.2ms | ActiveRecord: 2.5ms)


Started GET "/movies/1" for 127.0.0.1 at 2023-12-27 09:50:24 -0500
Processing by MoviesController#show as HTML
  Parameters: {"id"=>"1"}
  [1m[35mMovie Load (0.2ms)[0m  SELECT  "movies".* FROM "movies" WHERE "movies"."id" = ? LIMIT 1  [["id", 1]]
  Rendered movies/show.html.erb within layouts/application (1.2ms)
  Rendered layouts/_flash.erb (0.1ms)
Completed 200 OK in 15ms (Views: 10.7ms | ActiveRecord: 0.2ms)


Started GET "/movies/1/edit" for 127.0.0.1 at 2023-12-27 09:50:26 -0500
Processing by MoviesController#edit as HTML
  Parameters: {"id"=>"1"}
  [1m[36mMovie Load (0.1ms)[0m  [1mSELECT  "movies".* FROM "movies" WHERE "movies"."id" = ? LIMIT 1[0m  [["id", 1]]
  Rendered movies/edit.html.erb within layouts/application (17.3ms)
  Rendered layouts/_flash.erb (0.1ms)
Completed 200 OK in 50ms (Views: 49.8ms | ActiveRecord: 0.1ms)


Started GET "/" for 127.0.0.1 at 2023-12-27 09:51:20 -0500


Started GET "/movies" for 127.0.0.1 at 2023-12-27 09:51:21 -0500
Processing by MoviesController#index as HTML
  [1m[36mMovie Load (1.2ms)[0m  [1mSELECT "movies".* FROM "movies"[0m
  Rendered movies/index.html.erb within layouts/application (14.9ms)
  Rendered layouts/_flash.erb (0.9ms)
Completed 200 OK in 289ms (Views: 266.2ms | ActiveRecord: 1.7ms)


Started GET "/movies/1" for 127.0.0.1 at 2023-12-27 09:51:22 -0500
Processing by MoviesController#show as HTML
  Parameters: {"id"=>"1"}
  [1m[35mMovie Load (0.2ms)[0m  SELECT  "movies".* FROM "movies" WHERE "movies"."id" = ? LIMIT 1  [["id", 1]]
  Rendered movies/show.html.erb within layouts/application (1.2ms)
  Rendered layouts/_flash.erb (0.1ms)
Completed 200 OK in 17ms (Views: 10.7ms | ActiveRecord: 0.2ms)


Started GET "/movies/1/edit" for 127.0.0.1 at 2023-12-27 09:51:24 -0500
Processing by MoviesController#edit as HTML
  Parameters: {"id"=>"1"}
  [1m[36mMovie Load (0.1ms)[0m  [1mSELECT  "movies".* FROM "movies" WHERE "movies"."id" = ? LIMIT 1[0m  [["id", 1]]
  Rendered movies/edit.html.erb within layouts/application (17.3ms)
  Rendered layouts/_flash.erb (0.1ms)
Completed 200 OK in 51ms (Views: 50.1ms | ActiveRecord: 0.1ms)


Started GET "/" for 127.0.0.1 at 2023-12-27 09:54:58 -0500


Started GET "/movies" for 127.0.0.1 at 2023-12-27 09:54:59 -0500
Processing by MoviesController#index as HTML
  [1m[36mMovie Load (2.3ms)[0m  [1mSELECT "movies".* FROM "movies"[0m
  Rendered movies/index.html.erb within layouts/application (14.0ms)
  Rendered layouts/_flash.erb (0.3ms)
Completed 200 OK in 268ms (Views: 236.5ms | ActiveRecord: 2.7ms)


Started GET "/movies/1" for 127.0.0.1 at 2023-12-27 09:55:07 -0500
Processing by MoviesController#show as HTML
  Parameters: {"id"=>"1"}
  [1m[35mMovie Load (0.2ms)[0m  SELECT  "movies".* FROM "movies" WHERE "movies"."id" = ? LIMIT 1  [["id", 1]]
  Rendered movies/show.html.erb within layouts/application (0.9ms)
  Rendered layouts/_flash.erb (0.1ms)
Completed 200 OK in 15ms (Views: 8.3ms | ActiveRecord: 0.2ms)


Started GET "/movies/1/edit" for 127.0.0.1 at 2023-12-27 09:55:13 -0500
Processing by MoviesController#edit as HTML
  Parameters: {"id"=>"1"}
  [1m[36mMovie Load (0.1ms)[0m  [1mSELECT  "movies".* FROM "movies" WHERE "movies"."id" = ? LIMIT 1[0m  [["id", 1]]
  Rendered movies/edit.html.erb within layouts/application (18.2ms)
  Rendered layouts/_flash.erb (0.1ms)
Completed 200 OK in 50ms (Views: 49.4ms | ActiveRecord: 0.1ms)


Started GET "/movies" for 127.0.0.1 at 2023-12-27 09:55:21 -0500
Processing by MoviesController#index as HTML
  [1m[35mMovie Load (0.2ms)[0m  SELECT "movies".* FROM "movies"
  Rendered movies/index.html.erb within layouts/application (2.8ms)
  Rendered layouts/_flash.erb (0.1ms)
Completed 200 OK in 13ms (Views: 12.0ms | ActiveRecord: 0.2ms)


Started GET "/movies/new" for 127.0.0.1 at 2023-12-27 09:55:23 -0500
Processing by MoviesController#new as HTML
  Rendered movies/new.html.erb within layouts/application (2.7ms)
  Rendered layouts/_flash.erb (0.1ms)
Completed 200 OK in 10ms (Views: 9.9ms | ActiveRecord: 0.0ms)


Started GET "/movies" for 127.0.0.1 at 2023-12-27 09:55:35 -0500
Processing by MoviesController#index as HTML
  [1m[36mMovie Load (0.2ms)[0m  [1mSELECT "movies".* FROM "movies"[0m
  Rendered movies/index.html.erb within layouts/application (2.5ms)
  Rendered layouts/_flash.erb (0.1ms)
Completed 200 OK in 17ms (Views: 16.5ms | ActiveRecord: 0.2ms)


Started GET "/movies" for 127.0.0.1 at 2023-12-27 09:55:39 -0500
Processing by MoviesController#index as HTML
  [1m[35mMovie Load (0.2ms)[0m  SELECT "movies".* FROM "movies"
  Rendered movies/index.html.erb within layouts/application (3.0ms)
  Rendered layouts/_flash.erb (0.1ms)
Completed 200 OK in 11ms (Views: 10.5ms | ActiveRecord: 0.2ms)
